<?xml version="1.0" encoding="UTF-8" standalone="yes"?><!DOCTYPE report PUBLIC "-//JACOCO//DTD Report 1.0//EN" "report.dtd"><report name="JaCoCoverage analysis (powered by JaCoCo from EclEmma)"><sessioninfo id="user-PC-71f11480" start="1390580420232" dump="1390580431014"/><sessioninfo id="user-PC-e563536d" start="1390580431695" dump="1390580432973"/><sessioninfo id="user-PC-c8d351e3" start="1390580433572" dump="1390580434985"/><sessioninfo id="user-PC-c071520a" start="1390580435580" dump="1390580436857"/><package name="rent"><class name="rent/GUI"><method name="&lt;init&gt;" desc="()V" line="35"><counter type="INSTRUCTION" missed="0" covered="48"/><counter type="LINE" missed="0" covered="16"/><counter type="COMPLEXITY" missed="0" covered="1"/><counter type="METHOD" missed="0" covered="1"/></method><method name="panel" desc="(I[Ljava/lang/String;Ljava/lang/String;)Ljava/util/ArrayList;" line="66"><counter type="INSTRUCTION" missed="75" covered="0"/><counter type="BRANCH" missed="6" covered="0"/><counter type="LINE" missed="14" covered="0"/><counter type="COMPLEXITY" missed="4" covered="0"/><counter type="METHOD" missed="1" covered="0"/></method><method name="p_panel" desc="(I[Ljava/lang/String;ILjava/lang/String;)Ljava/util/ArrayList;" line="97"><counter type="INSTRUCTION" missed="108" covered="0"/><counter type="BRANCH" missed="10" covered="0"/><counter type="LINE" missed="19" covered="0"/><counter type="COMPLEXITY" missed="6" covered="0"/><counter type="METHOD" missed="1" covered="0"/></method><method name="eternal" desc="()V" line="137"><counter type="INSTRUCTION" missed="39" covered="0"/><counter type="BRANCH" missed="4" covered="0"/><counter type="LINE" missed="10" covered="0"/><counter type="COMPLEXITY" missed="3" covered="0"/><counter type="METHOD" missed="1" covered="0"/></method><method name="print" desc="(I[Ljava/lang/String;[Ljava/lang/String;Ljava/sql/ResultSet;)Z" line="157"><counter type="INSTRUCTION" missed="0" covered="91"/><counter type="BRANCH" missed="0" covered="12"/><counter type="LINE" missed="0" covered="12"/><counter type="COMPLEXITY" missed="0" covered="7"/><counter type="METHOD" missed="0" covered="1"/></method><method name="connect" desc="(Ljava/lang/String;Ljava/lang/String;Ljava/lang/String;)Z" line="186"><counter type="INSTRUCTION" missed="6" covered="17"/><counter type="LINE" missed="2" covered="5"/><counter type="COMPLEXITY" missed="0" covered="1"/><counter type="METHOD" missed="0" covered="1"/></method><method name="initComponents" desc="()V" line="207"><counter type="INSTRUCTION" missed="0" covered="579"/><counter type="LINE" missed="0" covered="70"/><counter type="COMPLEXITY" missed="0" covered="1"/><counter type="METHOD" missed="0" covered="1"/></method><method name="MenuValueChanged" desc="(Ljavax/swing/event/TreeSelectionEvent;)V" line="399"><counter type="INSTRUCTION" missed="19" covered="199"/><counter type="BRANCH" missed="4" covered="6"/><counter type="LINE" missed="4" covered="24"/><counter type="COMPLEXITY" missed="4" covered="2"/><counter type="METHOD" missed="0" covered="1"/></method><method name="loginActionPerformed" desc="(Ljava/awt/event/ActionEvent;)V" line="454"><counter type="INSTRUCTION" missed="27" covered="256"/><counter type="BRANCH" missed="6" covered="24"/><counter type="LINE" missed="6" covered="54"/><counter type="COMPLEXITY" missed="5" covered="11"/><counter type="METHOD" missed="0" covered="1"/></method><method name="feature3ActionPerformed" desc="(Ljava/awt/event/ActionEvent;)V" line="544"><counter type="INSTRUCTION" missed="71" covered="241"/><counter type="BRANCH" missed="12" covered="22"/><counter type="LINE" missed="11" covered="34"/><counter type="COMPLEXITY" missed="11" covered="7"/><counter type="METHOD" missed="0" covered="1"/></method><method name="feature1ActionPerformed" desc="(Ljava/awt/event/ActionEvent;)V" line="617"><counter type="INSTRUCTION" missed="170" covered="222"/><counter type="BRANCH" missed="15" covered="33"/><counter type="LINE" missed="21" covered="42"/><counter type="COMPLEXITY" missed="11" covered="14"/><counter type="METHOD" missed="0" covered="1"/></method><method name="feature2ActionPerformed" desc="(Ljava/awt/event/ActionEvent;)V" line="721"><counter type="INSTRUCTION" missed="69" covered="247"/><counter type="BRANCH" missed="15" covered="49"/><counter type="LINE" missed="6" covered="48"/><counter type="COMPLEXITY" missed="14" covered="19"/><counter type="METHOD" missed="0" covered="1"/></method><method name="SearchButtonActionPerformed" desc="(Ljava/awt/event/ActionEvent;)V" line="803"><counter type="INSTRUCTION" missed="26" covered="156"/><counter type="BRANCH" missed="7" covered="17"/><counter type="LINE" missed="1" covered="28"/><counter type="COMPLEXITY" missed="6" covered="7"/><counter type="METHOD" missed="0" covered="1"/></method><method name="main" desc="([Ljava/lang/String;)V" line="853"><counter type="INSTRUCTION" missed="68" covered="0"/><counter type="BRANCH" missed="4" covered="0"/><counter type="LINE" missed="16" covered="0"/><counter type="COMPLEXITY" missed="3" covered="0"/><counter type="METHOD" missed="1" covered="0"/></method><counter type="INSTRUCTION" missed="678" covered="2056"/><counter type="BRANCH" missed="83" covered="163"/><counter type="LINE" missed="110" covered="333"/><counter type="COMPLEXITY" missed="67" covered="70"/><counter type="METHOD" missed="4" covered="10"/><counter type="CLASS" missed="0" covered="1"/></class><class name="rent/employee"><method name="&lt;init&gt;" desc="(Ljava/lang/String;Ljava/lang/String;I)V" line="29"><counter type="INSTRUCTION" missed="0" covered="7"/><counter type="LINE" missed="0" covered="2"/><counter type="COMPLEXITY" missed="0" covered="1"/><counter type="METHOD" missed="0" covered="1"/></method><method name="insert_model" desc="(Ljava/sql/Connection;Ljava/sql/Statement;Ljava/sql/ResultSet;Ljava/lang/String;Ljava/lang/String;Ljava/lang/String;II)I" line="36"><counter type="INSTRUCTION" missed="6" covered="98"/><counter type="BRANCH" missed="9" covered="19"/><counter type="LINE" missed="0" covered="17"/><counter type="COMPLEXITY" missed="9" covered="6"/><counter type="METHOD" missed="0" covered="1"/></method><method name="remove_model" desc="(Ljava/sql/Connection;Ljava/sql/Statement;Ljava/sql/ResultSet;I)I" line="61"><counter type="INSTRUCTION" missed="0" covered="30"/><counter type="BRANCH" missed="0" covered="4"/><counter type="LINE" missed="0" covered="6"/><counter type="COMPLEXITY" missed="0" covered="3"/><counter type="METHOD" missed="0" covered="1"/></method><method name="show_storage" desc="(Ljava/sql/Connection;Ljava/sql/Statement;Ljava/sql/ResultSet;)Ljava/sql/ResultSet;" line="73"><counter type="INSTRUCTION" missed="0" covered="15"/><counter type="LINE" missed="0" covered="4"/><counter type="COMPLEXITY" missed="0" covered="1"/><counter type="METHOD" missed="0" covered="1"/></method><counter type="INSTRUCTION" missed="6" covered="150"/><counter type="BRANCH" missed="9" covered="23"/><counter type="LINE" missed="0" covered="29"/><counter type="COMPLEXITY" missed="9" covered="11"/><counter type="METHOD" missed="0" covered="4"/><counter type="CLASS" missed="0" covered="1"/></class><class name="rent/GUI$2"><method name="&lt;init&gt;" desc="(Lrent/GUI;)V" line="265"><counter type="INSTRUCTION" missed="0" covered="6"/><counter type="LINE" missed="0" covered="1"/><counter type="COMPLEXITY" missed="0" covered="1"/><counter type="METHOD" missed="0" covered="1"/></method><method name="valueChanged" desc="(Ljavax/swing/event/TreeSelectionEvent;)V" line="267"><counter type="INSTRUCTION" missed="0" covered="5"/><counter type="LINE" missed="0" covered="2"/><counter type="COMPLEXITY" missed="0" covered="1"/><counter type="METHOD" missed="0" covered="1"/></method><counter type="INSTRUCTION" missed="0" covered="11"/><counter type="LINE" missed="0" covered="3"/><counter type="COMPLEXITY" missed="0" covered="2"/><counter type="METHOD" missed="0" covered="2"/><counter type="CLASS" missed="0" covered="1"/></class><class name="rent/GUI$1"><method name="&lt;init&gt;" desc="(Lrent/GUI;)V" line="237"><counter type="INSTRUCTION" missed="0" covered="6"/><counter type="LINE" missed="0" covered="1"/><counter type="COMPLEXITY" missed="0" covered="1"/><counter type="METHOD" missed="0" covered="1"/></method><method name="actionPerformed" desc="(Ljava/awt/event/ActionEvent;)V" line="239"><counter type="INSTRUCTION" missed="0" covered="5"/><counter type="LINE" missed="0" covered="2"/><counter type="COMPLEXITY" missed="0" covered="1"/><counter type="METHOD" missed="0" covered="1"/></method><counter type="INSTRUCTION" missed="0" covered="11"/><counter type="LINE" missed="0" covered="3"/><counter type="COMPLEXITY" missed="0" covered="2"/><counter type="METHOD" missed="0" covered="2"/><counter type="CLASS" missed="0" covered="1"/></class><class name="rent/GUI$4"><method name="&lt;init&gt;" desc="(Lrent/GUI;)V" line="280"><counter type="INSTRUCTION" missed="0" covered="6"/><counter type="LINE" missed="0" covered="1"/><counter type="COMPLEXITY" missed="0" covered="1"/><counter type="METHOD" missed="0" covered="1"/></method><method name="actionPerformed" desc="(Ljava/awt/event/ActionEvent;)V" line="282"><counter type="INSTRUCTION" missed="0" covered="5"/><counter type="LINE" missed="0" covered="2"/><counter type="COMPLEXITY" missed="0" covered="1"/><counter type="METHOD" missed="0" covered="1"/></method><counter type="INSTRUCTION" missed="0" covered="11"/><counter type="LINE" missed="0" covered="3"/><counter type="COMPLEXITY" missed="0" covered="2"/><counter type="METHOD" missed="0" covered="2"/><counter type="CLASS" missed="0" covered="1"/></class><class name="rent/GUI$3"><method name="&lt;init&gt;" desc="(Lrent/GUI;)V" line="273"><counter type="INSTRUCTION" missed="0" covered="6"/><counter type="LINE" missed="0" covered="1"/><counter type="COMPLEXITY" missed="0" covered="1"/><counter type="METHOD" missed="0" covered="1"/></method><method name="actionPerformed" desc="(Ljava/awt/event/ActionEvent;)V" line="275"><counter type="INSTRUCTION" missed="0" covered="5"/><counter type="LINE" missed="0" covered="2"/><counter type="COMPLEXITY" missed="0" covered="1"/><counter type="METHOD" missed="0" covered="1"/></method><counter type="INSTRUCTION" missed="0" covered="11"/><counter type="LINE" missed="0" covered="3"/><counter type="COMPLEXITY" missed="0" covered="2"/><counter type="METHOD" missed="0" covered="2"/><counter type="CLASS" missed="0" covered="1"/></class><class name="rent/GUI$6"><method name="&lt;init&gt;" desc="(Lrent/GUI;)V" line="294"><counter type="INSTRUCTION" missed="0" covered="6"/><counter type="LINE" missed="0" covered="1"/><counter type="COMPLEXITY" missed="0" covered="1"/><counter type="METHOD" missed="0" covered="1"/></method><method name="actionPerformed" desc="(Ljava/awt/event/ActionEvent;)V" line="296"><counter type="INSTRUCTION" missed="0" covered="5"/><counter type="LINE" missed="0" covered="2"/><counter type="COMPLEXITY" missed="0" covered="1"/><counter type="METHOD" missed="0" covered="1"/></method><counter type="INSTRUCTION" missed="0" covered="11"/><counter type="LINE" missed="0" covered="3"/><counter type="COMPLEXITY" missed="0" covered="2"/><counter type="METHOD" missed="0" covered="2"/><counter type="CLASS" missed="0" covered="1"/></class><class name="rent/GUI$5"><method name="&lt;init&gt;" desc="(Lrent/GUI;)V" line="287"><counter type="INSTRUCTION" missed="0" covered="6"/><counter type="LINE" missed="0" covered="1"/><counter type="COMPLEXITY" missed="0" covered="1"/><counter type="METHOD" missed="0" covered="1"/></method><method name="actionPerformed" desc="(Ljava/awt/event/ActionEvent;)V" line="289"><counter type="INSTRUCTION" missed="0" covered="5"/><counter type="LINE" missed="0" covered="2"/><counter type="COMPLEXITY" missed="0" covered="1"/><counter type="METHOD" missed="0" covered="1"/></method><counter type="INSTRUCTION" missed="0" covered="11"/><counter type="LINE" missed="0" covered="3"/><counter type="COMPLEXITY" missed="0" covered="2"/><counter type="METHOD" missed="0" covered="2"/><counter type="CLASS" missed="0" covered="1"/></class><class name="rent/admin"><method name="&lt;init&gt;" desc="(Ljava/lang/String;Ljava/lang/String;I)V" line="24"><counter type="INSTRUCTION" missed="0" covered="7"/><counter type="LINE" missed="0" covered="2"/><counter type="COMPLEXITY" missed="0" covered="1"/><counter type="METHOD" missed="0" covered="1"/></method><method name="insert_user" desc="(Ljava/sql/Connection;Ljava/sql/Statement;Ljava/sql/ResultSet;Ljava/lang/String;Ljava/lang/String;I)I" line="31"><counter type="INSTRUCTION" missed="0" covered="54"/><counter type="BRANCH" missed="3" covered="9"/><counter type="LINE" missed="0" covered="11"/><counter type="COMPLEXITY" missed="3" covered="4"/><counter type="METHOD" missed="0" covered="1"/></method><method name="delete_user" desc="(Ljava/sql/Connection;Ljava/sql/Statement;Ljava/sql/ResultSet;I)I" line="51"><counter type="INSTRUCTION" missed="0" covered="30"/><counter type="BRANCH" missed="0" covered="4"/><counter type="LINE" missed="0" covered="6"/><counter type="COMPLEXITY" missed="0" covered="3"/><counter type="METHOD" missed="0" covered="1"/></method><method name="show_users" desc="(Ljava/sql/Connection;Ljava/sql/Statement;Ljava/sql/ResultSet;)Ljava/sql/ResultSet;" line="61"><counter type="INSTRUCTION" missed="0" covered="15"/><counter type="LINE" missed="0" covered="4"/><counter type="COMPLEXITY" missed="0" covered="1"/><counter type="METHOD" missed="0" covered="1"/></method><counter type="INSTRUCTION" missed="0" covered="106"/><counter type="BRANCH" missed="3" covered="13"/><counter type="LINE" missed="0" covered="23"/><counter type="COMPLEXITY" missed="3" covered="9"/><counter type="METHOD" missed="0" covered="4"/><counter type="CLASS" missed="0" covered="1"/></class><class name="rent/User"><method name="&lt;init&gt;" desc="(Ljava/lang/String;Ljava/lang/String;II)V" line="19"><counter type="INSTRUCTION" missed="0" covered="15"/><counter type="LINE" missed="0" covered="6"/><counter type="COMPLEXITY" missed="0" covered="1"/><counter type="METHOD" missed="0" covered="1"/></method><counter type="INSTRUCTION" missed="0" covered="15"/><counter type="LINE" missed="0" covered="6"/><counter type="COMPLEXITY" missed="0" covered="1"/><counter type="METHOD" missed="0" covered="1"/><counter type="CLASS" missed="0" covered="1"/></class><class name="rent/customer"><method name="&lt;init&gt;" desc="(Ljava/lang/String;Ljava/lang/String;I)V" line="27"><counter type="INSTRUCTION" missed="0" covered="7"/><counter type="LINE" missed="0" covered="2"/><counter type="COMPLEXITY" missed="0" covered="1"/><counter type="METHOD" missed="0" covered="1"/></method><method name="show_rents" desc="(Ljava/sql/Connection;Ljava/sql/Statement;Ljava/sql/ResultSet;)Ljava/sql/ResultSet;" line="37"><counter type="INSTRUCTION" missed="0" covered="30"/><counter type="LINE" missed="0" covered="4"/><counter type="COMPLEXITY" missed="0" covered="1"/><counter type="METHOD" missed="0" covered="1"/></method><method name="delete_rents" desc="(Ljava/sql/Connection;Ljava/sql/Statement;Ljava/sql/ResultSet;)I" line="55"><counter type="INSTRUCTION" missed="6" covered="79"/><counter type="BRANCH" missed="1" covered="5"/><counter type="LINE" missed="0" covered="17"/><counter type="COMPLEXITY" missed="1" covered="3"/><counter type="METHOD" missed="0" covered="1"/></method><method name="rent" desc="(ILjava/lang/String;Ljava/lang/String;Ljava/sql/Connection;Ljava/sql/Statement;Ljava/sql/ResultSet;Z)I" line="102"><counter type="INSTRUCTION" missed="35" covered="116"/><counter type="BRANCH" missed="7" covered="5"/><counter type="LINE" missed="6" covered="29"/><counter type="COMPLEXITY" missed="4" covered="3"/><counter type="METHOD" missed="0" covered="1"/></method><counter type="INSTRUCTION" missed="41" covered="232"/><counter type="BRANCH" missed="8" covered="10"/><counter type="LINE" missed="6" covered="52"/><counter type="COMPLEXITY" missed="5" covered="8"/><counter type="METHOD" missed="0" covered="4"/><counter type="CLASS" missed="0" covered="1"/></class><sourcefile name="GUI.java"><line nr="35" mi="0" ci="3" mb="0" cb="0"/><line nr="36" mi="0" ci="3" mb="0" cb="0"/><line nr="37" mi="0" ci="3" mb="0" cb="0"/><line nr="42" mi="0" ci="3" mb="0" cb="0"/><line nr="43" mi="0" ci="4" mb="0" cb="0"/><line nr="44" mi="0" ci="3" mb="0" cb="0"/><line nr="46" mi="0" ci="3" mb="0" cb="0"/><line nr="47" mi="0" ci="3" mb="0" cb="0"/><line nr="52" mi="0" ci="2" mb="0" cb="0"/><line nr="54" mi="0" ci="2" mb="0" cb="0"/><line nr="55" mi="0" ci="3" mb="0" cb="0"/><line nr="56" mi="0" ci="4" mb="0" cb="0"/><line nr="57" mi="0" ci="4" mb="0" cb="0"/><line nr="58" mi="0" ci="4" mb="0" cb="0"/><line nr="59" mi="0" ci="3" mb="0" cb="0"/><line nr="64" mi="0" ci="1" mb="0" cb="0"/><line nr="66" mi="5" ci="0" mb="0" cb="0"/><line nr="69" mi="3" ci="0" mb="0" cb="0"/><line nr="70" mi="4" ci="0" mb="0" cb="0"/><line nr="71" mi="7" ci="0" mb="0" cb="0"/><line nr="74" mi="7" ci="0" mb="2" cb="0"/><line nr="75" mi="7" ci="0" mb="0" cb="0"/><line nr="76" mi="9" ci="0" mb="0" cb="0"/><line nr="77" mi="6" ci="0" mb="0" cb="0"/><line nr="82" mi="6" ci="0" mb="0" cb="0"/><line nr="84" mi="2" ci="0" mb="2" cb="0"/><line nr="85" mi="8" ci="0" mb="2" cb="0"/><line nr="86" mi="7" ci="0" mb="0" cb="0"/><line nr="89" mi="2" ci="0" mb="0" cb="0"/><line nr="92" mi="2" ci="0" mb="0" cb="0"/><line nr="97" mi="5" ci="0" mb="0" cb="0"/><line nr="100" mi="5" ci="0" mb="0" cb="0"/><line nr="101" mi="5" ci="0" mb="0" cb="0"/><line nr="103" mi="4" ci="0" mb="0" cb="0"/><line nr="104" mi="7" ci="0" mb="0" cb="0"/><line nr="106" mi="2" ci="0" mb="0" cb="0"/><line nr="107" mi="7" ci="0" mb="2" cb="0"/><line nr="109" mi="9" ci="0" mb="0" cb="0"/><line nr="110" mi="8" ci="0" mb="2" cb="0"/><line nr="112" mi="7" ci="0" mb="0" cb="0"/><line nr="113" mi="7" ci="0" mb="0" cb="0"/><line nr="117" mi="2" ci="0" mb="0" cb="0"/><line nr="119" mi="6" ci="0" mb="0" cb="0"/><line nr="121" mi="2" ci="0" mb="2" cb="0"/><line nr="122" mi="8" ci="0" mb="2" cb="0"/><line nr="123" mi="12" ci="0" mb="2" cb="0"/><line nr="124" mi="8" ci="0" mb="0" cb="0"/><line nr="127" mi="2" ci="0" mb="0" cb="0"/><line nr="130" mi="2" ci="0" mb="0" cb="0"/><line nr="137" mi="2" ci="0" mb="0" cb="0"/><line nr="138" mi="2" ci="0" mb="0" cb="0"/><line nr="141" mi="4" ci="0" mb="2" cb="0"/><line nr="142" mi="4" ci="0" mb="0" cb="0"/><line nr="143" mi="5" ci="0" mb="0" cb="0"/><line nr="144" mi="4" ci="0" mb="2" cb="0"/><line nr="145" mi="4" ci="0" mb="0" cb="0"/><line nr="146" mi="5" ci="0" mb="0" cb="0"/><line nr="148" mi="4" ci="0" mb="0" cb="0"/><line nr="149" mi="5" ci="0" mb="0" cb="0"/><line nr="157" mi="0" ci="5" mb="0" cb="2"/><line nr="159" mi="0" ci="3" mb="0" cb="0"/><line nr="160" mi="0" ci="7" mb="0" cb="2"/><line nr="161" mi="0" ci="5" mb="0" cb="2"/><line nr="162" mi="0" ci="13" mb="0" cb="0"/><line nr="165" mi="0" ci="12" mb="0" cb="0"/><line nr="168" mi="0" ci="7" mb="0" cb="2"/><line nr="169" mi="0" ci="5" mb="0" cb="2"/><line nr="170" mi="0" ci="15" mb="0" cb="0"/><line nr="172" mi="0" ci="14" mb="0" cb="0"/><line nr="175" mi="0" ci="3" mb="0" cb="2"/><line nr="179" mi="0" ci="2" mb="0" cb="0"/><line nr="186" mi="0" ci="3" mb="0" cb="0"/><line nr="187" mi="0" ci="6" mb="0" cb="0"/><line nr="188" mi="0" ci="5" mb="0" cb="0"/><line nr="189" mi="1" ci="0" mb="0" cb="0"/><line nr="190" mi="5" ci="0" mb="0" cb="0"/><line nr="191" mi="0" ci="1" mb="0" cb="0"/><line nr="192" mi="0" ci="2" mb="0" cb="0"/><line nr="207" mi="0" ci="5" mb="0" cb="0"/><line nr="208" mi="0" ci="5" mb="0" cb="0"/><line nr="209" mi="0" ci="5" mb="0" cb="0"/><line nr="210" mi="0" ci="4" mb="0" cb="0"/><line nr="211" mi="0" ci="5" mb="0" cb="0"/><line nr="212" mi="0" ci="5" mb="0" cb="0"/><line nr="213" mi="0" ci="5" mb="0" cb="0"/><line nr="214" mi="0" ci="5" mb="0" cb="0"/><line nr="215" mi="0" ci="5" mb="0" cb="0"/><line nr="216" mi="0" ci="5" mb="0" cb="0"/><line nr="217" mi="0" ci="5" mb="0" cb="0"/><line nr="218" mi="0" ci="5" mb="0" cb="0"/><line nr="219" mi="0" ci="5" mb="0" cb="0"/><line nr="220" mi="0" ci="5" mb="0" cb="0"/><line nr="221" mi="0" ci="5" mb="0" cb="0"/><line nr="222" mi="0" ci="5" mb="0" cb="0"/><line nr="223" mi="0" ci="5" mb="0" cb="0"/><line nr="224" mi="0" ci="5" mb="0" cb="0"/><line nr="226" mi="0" ci="3" mb="0" cb="0"/><line nr="228" mi="0" ci="4" mb="0" cb="0"/><line nr="230" mi="0" ci="3" mb="0" cb="0"/><line nr="231" mi="0" ci="3" mb="0" cb="0"/><line nr="232" mi="0" ci="4" mb="0" cb="0"/><line nr="234" mi="0" ci="4" mb="0" cb="0"/><line nr="236" mi="0" ci="4" mb="0" cb="0"/><line nr="237" mi="0" ci="13" mb="0" cb="0"/><line nr="239" mi="0" ci="4" mb="0" cb="0"/><line nr="240" mi="0" ci="1" mb="0" cb="0"/><line nr="243" mi="0" ci="5" mb="0" cb="0"/><line nr="244" mi="0" ci="5" mb="0" cb="0"/><line nr="245" mi="0" ci="5" mb="0" cb="0"/><line nr="246" mi="0" ci="3" mb="0" cb="0"/><line nr="247" mi="0" ci="5" mb="0" cb="0"/><line nr="248" mi="0" ci="3" mb="0" cb="0"/><line nr="249" mi="0" ci="5" mb="0" cb="0"/><line nr="250" mi="0" ci="3" mb="0" cb="0"/><line nr="251" mi="0" ci="5" mb="0" cb="0"/><line nr="252" mi="0" ci="3" mb="0" cb="0"/><line nr="253" mi="0" ci="3" mb="0" cb="0"/><line nr="254" mi="0" ci="5" mb="0" cb="0"/><line nr="255" mi="0" ci="5" mb="0" cb="0"/><line nr="256" mi="0" ci="3" mb="0" cb="0"/><line nr="257" mi="0" ci="5" mb="0" cb="0"/><line nr="258" mi="0" ci="3" mb="0" cb="0"/><line nr="259" mi="0" ci="5" mb="0" cb="0"/><line nr="260" mi="0" ci="3" mb="0" cb="0"/><line nr="261" mi="0" ci="5" mb="0" cb="0"/><line nr="262" mi="0" ci="3" mb="0" cb="0"/><line nr="263" mi="0" ci="3" mb="0" cb="0"/><line nr="264" mi="0" ci="7" mb="0" cb="0"/><line nr="265" mi="0" ci="13" mb="0" cb="0"/><line nr="267" mi="0" ci="4" mb="0" cb="0"/><line nr="268" mi="0" ci="1" mb="0" cb="0"/><line nr="270" mi="0" ci="5" mb="0" cb="0"/><line nr="272" mi="0" ci="4" mb="0" cb="0"/><line nr="273" mi="0" ci="13" mb="0" cb="0"/><line nr="275" mi="0" ci="4" mb="0" cb="0"/><line nr="276" mi="0" ci="1" mb="0" cb="0"/><line nr="279" mi="0" ci="4" mb="0" cb="0"/><line nr="280" mi="0" ci="13" mb="0" cb="0"/><line nr="282" mi="0" ci="4" mb="0" cb="0"/><line nr="283" mi="0" ci="1" mb="0" cb="0"/><line nr="286" mi="0" ci="4" mb="0" cb="0"/><line nr="287" mi="0" ci="13" mb="0" cb="0"/><line nr="289" mi="0" ci="4" mb="0" cb="0"/><line nr="290" mi="0" ci="1" mb="0" cb="0"/><line nr="293" mi="0" ci="4" mb="0" cb="0"/><line nr="294" mi="0" ci="13" mb="0" cb="0"/><line nr="296" mi="0" ci="4" mb="0" cb="0"/><line nr="297" mi="0" ci="1" mb="0" cb="0"/><line nr="300" mi="0" ci="4" mb="0" cb="0"/><line nr="302" mi="0" ci="4" mb="0" cb="0"/><line nr="304" mi="0" ci="5" mb="0" cb="0"/><line nr="305" mi="0" ci="4" mb="0" cb="0"/><line nr="307" mi="0" ci="5" mb="0" cb="0"/><line nr="308" mi="0" ci="4" mb="0" cb="0"/><line nr="310" mi="0" ci="6" mb="0" cb="0"/><line nr="311" mi="0" ci="4" mb="0" cb="0"/><line nr="312" mi="0" ci="156" mb="0" cb="0"/><line nr="356" mi="0" ci="115" mb="0" cb="0"/><line nr="391" mi="0" ci="2" mb="0" cb="0"/><line nr="392" mi="0" ci="1" mb="0" cb="0"/><line nr="399" mi="0" ci="5" mb="0" cb="0"/><line nr="400" mi="1" ci="0" mb="0" cb="0"/><line nr="401" mi="3" ci="0" mb="0" cb="0"/><line nr="402" mi="1" ci="0" mb="0" cb="0"/><line nr="403" mi="0" ci="1" mb="0" cb="0"/><line nr="404" mi="0" ci="3" mb="0" cb="0"/><line nr="408" mi="0" ci="5" mb="0" cb="0"/><line nr="410" mi="1" ci="5" mb="1" cb="1"/><line nr="412" mi="0" ci="11" mb="0" cb="0"/><line nr="413" mi="0" ci="11" mb="0" cb="0"/><line nr="416" mi="0" ci="11" mb="0" cb="0"/><line nr="417" mi="0" ci="11" mb="0" cb="0"/><line nr="418" mi="0" ci="11" mb="0" cb="0"/><line nr="422" mi="0" ci="13" mb="0" cb="0"/><line nr="423" mi="0" ci="13" mb="0" cb="0"/><line nr="424" mi="0" ci="13" mb="0" cb="0"/><line nr="431" mi="4" ci="9" mb="1" cb="3"/><line nr="432" mi="0" ci="5" mb="0" cb="0"/><line nr="433" mi="0" ci="5" mb="0" cb="0"/><line nr="435" mi="0" ci="7" mb="1" cb="1"/><line nr="436" mi="2" ci="0" mb="0" cb="0"/><line nr="438" mi="0" ci="15" mb="0" cb="0"/><line nr="442" mi="0" ci="6" mb="0" cb="0"/><line nr="443" mi="0" ci="27" mb="0" cb="0"/><line nr="445" mi="0" ci="8" mb="0" cb="0"/><line nr="446" mi="3" ci="2" mb="1" cb="1"/><line nr="447" mi="4" ci="1" mb="0" cb="0"/><line nr="449" mi="0" ci="1" mb="0" cb="0"/><line nr="454" mi="0" ci="2" mb="0" cb="0"/><line nr="455" mi="0" ci="2" mb="0" cb="0"/><line nr="459" mi="0" ci="3" mb="0" cb="2"/><line nr="460" mi="0" ci="4" mb="0" cb="0"/><line nr="461" mi="0" ci="11" mb="0" cb="0"/><line nr="463" mi="0" ci="3" mb="1" cb="1"/><line nr="465" mi="0" ci="3" mb="0" cb="2"/><line nr="466" mi="0" ci="2" mb="0" cb="0"/><line nr="467" mi="0" ci="3" mb="0" cb="0"/><line nr="468" mi="0" ci="4" mb="0" cb="2"/><line nr="469" mi="0" ci="2" mb="0" cb="0"/><line nr="470" mi="0" ci="3" mb="0" cb="0"/><line nr="471" mi="0" ci="4" mb="0" cb="2"/><line nr="472" mi="0" ci="2" mb="0" cb="0"/><line nr="473" mi="0" ci="3" mb="0" cb="0"/><line nr="474" mi="0" ci="4" mb="1" cb="1"/><line nr="475" mi="0" ci="2" mb="0" cb="0"/><line nr="476" mi="0" ci="3" mb="0" cb="0"/><line nr="479" mi="6" ci="0" mb="0" cb="0"/><line nr="480" mi="3" ci="0" mb="2" cb="0"/><line nr="481" mi="5" ci="0" mb="0" cb="0"/><line nr="482" mi="5" ci="0" mb="0" cb="0"/><line nr="484" mi="0" ci="12" mb="0" cb="0"/><line nr="485" mi="4" ci="9" mb="1" cb="3"/><line nr="488" mi="0" ci="15" mb="0" cb="0"/><line nr="490" mi="0" ci="6" mb="0" cb="0"/><line nr="491" mi="0" ci="8" mb="0" cb="2"/><line nr="493" mi="0" ci="5" mb="0" cb="0"/><line nr="494" mi="0" ci="5" mb="0" cb="0"/><line nr="495" mi="0" ci="12" mb="0" cb="2"/><line nr="496" mi="0" ci="12" mb="0" cb="2"/><line nr="497" mi="0" ci="8" mb="0" cb="0"/><line nr="498" mi="0" ci="4" mb="0" cb="0"/><line nr="499" mi="0" ci="3" mb="0" cb="0"/><line nr="500" mi="0" ci="11" mb="0" cb="0"/><line nr="501" mi="0" ci="5" mb="0" cb="2"/><line nr="502" mi="0" ci="4" mb="0" cb="0"/><line nr="503" mi="0" ci="4" mb="0" cb="0"/><line nr="504" mi="0" ci="5" mb="0" cb="0"/><line nr="506" mi="0" ci="5" mb="0" cb="2"/><line nr="507" mi="0" ci="4" mb="0" cb="0"/><line nr="508" mi="0" ci="4" mb="0" cb="0"/><line nr="509" mi="0" ci="5" mb="0" cb="0"/><line nr="511" mi="0" ci="5" mb="1" cb="1"/><line nr="512" mi="0" ci="4" mb="0" cb="0"/><line nr="513" mi="0" ci="4" mb="0" cb="0"/><line nr="514" mi="0" ci="4" mb="0" cb="0"/><line nr="518" mi="0" ci="4" mb="0" cb="0"/><line nr="519" mi="0" ci="4" mb="0" cb="0"/><line nr="524" mi="1" ci="0" mb="0" cb="0"/><line nr="525" mi="3" ci="0" mb="0" cb="0"/><line nr="526" mi="0" ci="1" mb="0" cb="0"/><line nr="528" mi="0" ci="1" mb="0" cb="0"/><line nr="529" mi="0" ci="3" mb="0" cb="0"/><line nr="530" mi="0" ci="3" mb="0" cb="0"/><line nr="531" mi="0" ci="4" mb="0" cb="0"/><line nr="532" mi="0" ci="4" mb="0" cb="0"/><line nr="533" mi="0" ci="4" mb="0" cb="0"/><line nr="534" mi="0" ci="4" mb="0" cb="0"/><line nr="538" mi="0" ci="1" mb="0" cb="0"/><line nr="544" mi="1" ci="3" mb="1" cb="1"/><line nr="546" mi="0" ci="5" mb="0" cb="2"/><line nr="547" mi="0" ci="2" mb="0" cb="0"/><line nr="549" mi="0" ci="5" mb="1" cb="1"/><line nr="550" mi="3" ci="0" mb="0" cb="0"/><line nr="551" mi="1" ci="0" mb="0" cb="0"/><line nr="554" mi="0" ci="6" mb="1" cb="1"/><line nr="555" mi="5" ci="0" mb="0" cb="0"/><line nr="557" mi="1" ci="0" mb="0" cb="0"/><line nr="558" mi="3" ci="0" mb="0" cb="0"/><line nr="559" mi="3" ci="0" mb="0" cb="0"/><line nr="560" mi="1" ci="0" mb="0" cb="0"/><line nr="561" mi="0" ci="1" mb="0" cb="0"/><line nr="563" mi="0" ci="10" mb="1" cb="1"/><line nr="564" mi="2" ci="0" mb="0" cb="0"/><line nr="566" mi="0" ci="5" mb="0" cb="0"/><line nr="569" mi="10" ci="3" mb="3" cb="1"/><line nr="572" mi="0" ci="3" mb="1" cb="1"/><line nr="573" mi="0" ci="8" mb="0" cb="2"/><line nr="574" mi="0" ci="3" mb="0" cb="0"/><line nr="576" mi="16" ci="0" mb="0" cb="0"/><line nr="578" mi="0" ci="7" mb="0" cb="2"/><line nr="579" mi="0" ci="7" mb="0" cb="2"/><line nr="580" mi="0" ci="7" mb="0" cb="2"/><line nr="583" mi="0" ci="15" mb="0" cb="0"/><line nr="584" mi="0" ci="27" mb="0" cb="0"/><line nr="585" mi="0" ci="6" mb="0" cb="0"/><line nr="586" mi="0" ci="8" mb="0" cb="0"/><line nr="587" mi="3" ci="2" mb="1" cb="1"/><line nr="588" mi="4" ci="1" mb="0" cb="0"/><line nr="590" mi="0" ci="6" mb="0" cb="2"/><line nr="591" mi="0" ci="12" mb="0" cb="0"/><line nr="592" mi="4" ci="3" mb="1" cb="1"/><line nr="593" mi="0" ci="31" mb="0" cb="0"/><line nr="595" mi="0" ci="8" mb="0" cb="0"/><line nr="596" mi="5" ci="1" mb="0" cb="0"/><line nr="599" mi="0" ci="6" mb="1" cb="1"/><line nr="600" mi="0" ci="12" mb="0" cb="0"/><line nr="601" mi="0" ci="3" mb="1" cb="1"/><line nr="602" mi="3" ci="0" mb="0" cb="0"/><line nr="603" mi="1" ci="0" mb="0" cb="0"/><line nr="606" mi="0" ci="15" mb="0" cb="0"/><line nr="607" mi="0" ci="8" mb="0" cb="0"/><line nr="608" mi="5" ci="1" mb="0" cb="0"/><line nr="611" mi="0" ci="1" mb="0" cb="0"/><line nr="617" mi="10" ci="3" mb="3" cb="1"/><line nr="618" mi="0" ci="5" mb="1" cb="1"/><line nr="619" mi="12" ci="0" mb="0" cb="0"/><line nr="622" mi="19" ci="0" mb="0" cb="0"/><line nr="623" mi="11" ci="0" mb="2" cb="0"/><line nr="624" mi="1" ci="0" mb="0" cb="0"/><line nr="625" mi="3" ci="0" mb="0" cb="0"/><line nr="626" mi="2" ci="0" mb="0" cb="0"/><line nr="628" mi="0" ci="5" mb="0" cb="2"/><line nr="629" mi="0" ci="23" mb="0" cb="0"/><line nr="635" mi="0" ci="5" mb="0" cb="0"/><line nr="636" mi="0" ci="3" mb="1" cb="1"/><line nr="637" mi="0" ci="2" mb="0" cb="0"/><line nr="638" mi="0" ci="2" mb="0" cb="0"/><line nr="639" mi="0" ci="2" mb="0" cb="0"/><line nr="640" mi="0" ci="2" mb="0" cb="0"/><line nr="641" mi="0" ci="3" mb="0" cb="0"/><line nr="644" mi="5" ci="0" mb="0" cb="0"/><line nr="646" mi="3" ci="0" mb="2" cb="0"/><line nr="647" mi="5" ci="0" mb="0" cb="0"/><line nr="648" mi="5" ci="0" mb="0" cb="0"/><line nr="649" mi="5" ci="0" mb="0" cb="0"/><line nr="652" mi="13" ci="0" mb="0" cb="0"/><line nr="654" mi="13" ci="0" mb="0" cb="0"/><line nr="657" mi="0" ci="3" mb="1" cb="1"/><line nr="658" mi="0" ci="8" mb="0" cb="2"/><line nr="659" mi="0" ci="3" mb="0" cb="0"/><line nr="661" mi="16" ci="0" mb="0" cb="0"/><line nr="663" mi="0" ci="7" mb="0" cb="2"/><line nr="664" mi="0" ci="7" mb="0" cb="2"/><line nr="665" mi="0" ci="7" mb="0" cb="2"/><line nr="666" mi="0" ci="7" mb="0" cb="2"/><line nr="667" mi="0" ci="7" mb="0" cb="2"/><line nr="668" mi="0" ci="7" mb="0" cb="2"/><line nr="669" mi="0" ci="3" mb="0" cb="0"/><line nr="671" mi="0" ci="1" mb="0" cb="0"/><line nr="672" mi="0" ci="5" mb="1" cb="1"/><line nr="673" mi="0" ci="15" mb="0" cb="0"/><line nr="674" mi="0" ci="2" mb="0" cb="0"/><line nr="678" mi="0" ci="3" mb="1" cb="1"/><line nr="679" mi="0" ci="2" mb="0" cb="0"/><line nr="680" mi="0" ci="2" mb="0" cb="0"/><line nr="681" mi="0" ci="3" mb="0" cb="0"/><line nr="684" mi="6" ci="0" mb="0" cb="0"/><line nr="685" mi="3" ci="0" mb="2" cb="0"/><line nr="687" mi="5" ci="0" mb="0" cb="0"/><line nr="688" mi="5" ci="0" mb="0" cb="0"/><line nr="692" mi="6" ci="0" mb="0" cb="0"/><line nr="693" mi="4" ci="0" mb="0" cb="0"/><line nr="698" mi="0" ci="3" mb="1" cb="1"/><line nr="699" mi="0" ci="8" mb="0" cb="2"/><line nr="700" mi="0" ci="3" mb="0" cb="0"/><line nr="702" mi="14" ci="0" mb="0" cb="0"/><line nr="704" mi="0" ci="7" mb="0" cb="2"/><line nr="705" mi="0" ci="7" mb="0" cb="2"/><line nr="706" mi="0" ci="7" mb="0" cb="2"/><line nr="707" mi="0" ci="7" mb="0" cb="2"/><line nr="708" mi="0" ci="2" mb="0" cb="0"/><line nr="710" mi="0" ci="6" mb="0" cb="0"/><line nr="711" mi="0" ci="15" mb="0" cb="0"/><line nr="712" mi="0" ci="8" mb="0" cb="0"/><line nr="714" mi="4" ci="1" mb="0" cb="0"/><line nr="717" mi="0" ci="1" mb="0" cb="0"/><line nr="721" mi="10" ci="3" mb="3" cb="1"/><line nr="724" mi="0" ci="5" mb="0" cb="2"/><line nr="726" mi="0" ci="6" mb="1" cb="1"/><line nr="727" mi="4" ci="0" mb="0" cb="0"/><line nr="729" mi="0" ci="2" mb="1" cb="1"/><line nr="730" mi="0" ci="2" mb="0" cb="0"/><line nr="731" mi="0" ci="3" mb="1" cb="1"/><line nr="732" mi="0" ci="6" mb="0" cb="2"/><line nr="733" mi="0" ci="7" mb="0" cb="2"/><line nr="734" mi="0" ci="7" mb="1" cb="1"/><line nr="736" mi="11" ci="0" mb="0" cb="0"/><line nr="738" mi="0" ci="7" mb="0" cb="2"/><line nr="739" mi="0" ci="6" mb="0" cb="2"/><line nr="740" mi="0" ci="7" mb="1" cb="1"/><line nr="743" mi="1" ci="5" mb="0" cb="2"/><line nr="746" mi="0" ci="6" mb="1" cb="1"/><line nr="747" mi="4" ci="0" mb="0" cb="0"/><line nr="748" mi="3" ci="1" mb="0" cb="0"/><line nr="749" mi="0" ci="2" mb="0" cb="0"/><line nr="751" mi="0" ci="3" mb="1" cb="1"/><line nr="752" mi="0" ci="6" mb="0" cb="2"/><line nr="753" mi="0" ci="7" mb="0" cb="2"/><line nr="754" mi="0" ci="7" mb="0" cb="2"/><line nr="755" mi="0" ci="7" mb="1" cb="1"/><line nr="757" mi="12" ci="0" mb="0" cb="0"/><line nr="759" mi="0" ci="7" mb="0" cb="2"/><line nr="760" mi="0" ci="7" mb="0" cb="2"/><line nr="761" mi="0" ci="7" mb="0" cb="2"/><line nr="762" mi="0" ci="3" mb="0" cb="0"/><line nr="765" mi="0" ci="1" mb="0" cb="0"/><line nr="766" mi="0" ci="5" mb="1" cb="1"/><line nr="768" mi="0" ci="2" mb="0" cb="0"/><line nr="769" mi="0" ci="6" mb="0" cb="0"/><line nr="770" mi="0" ci="15" mb="0" cb="0"/><line nr="771" mi="0" ci="8" mb="0" cb="0"/><line nr="775" mi="0" ci="6" mb="1" cb="1"/><line nr="776" mi="4" ci="0" mb="0" cb="0"/><line nr="777" mi="3" ci="1" mb="0" cb="0"/><line nr="779" mi="0" ci="2" mb="0" cb="0"/><line nr="780" mi="0" ci="3" mb="1" cb="1"/><line nr="781" mi="0" ci="6" mb="0" cb="2"/><line nr="782" mi="0" ci="7" mb="0" cb="2"/><line nr="783" mi="0" ci="7" mb="0" cb="2"/><line nr="784" mi="0" ci="7" mb="1" cb="1"/><line nr="785" mi="12" ci="0" mb="0" cb="0"/><line nr="787" mi="0" ci="7" mb="0" cb="2"/><line nr="788" mi="0" ci="7" mb="0" cb="2"/><line nr="789" mi="0" ci="7" mb="0" cb="2"/><line nr="791" mi="0" ci="2" mb="0" cb="0"/><line nr="792" mi="0" ci="6" mb="0" cb="0"/><line nr="793" mi="0" ci="8" mb="0" cb="0"/><line nr="794" mi="5" ci="1" mb="0" cb="0"/><line nr="795" mi="0" ci="3" mb="0" cb="0"/><line nr="799" mi="0" ci="1" mb="0" cb="0"/><line nr="803" mi="10" ci="3" mb="3" cb="1"/><line nr="804" mi="0" ci="4" mb="0" cb="0"/><line nr="805" mi="0" ci="2" mb="0" cb="0"/><line nr="806" mi="0" ci="2" mb="0" cb="0"/><line nr="807" mi="0" ci="2" mb="0" cb="0"/><line nr="808" mi="0" ci="2" mb="0" cb="0"/><line nr="809" mi="0" ci="3" mb="0" cb="0"/><line nr="810" mi="0" ci="7" mb="0" cb="2"/><line nr="811" mi="2" ci="4" mb="1" cb="1"/><line nr="813" mi="0" ci="7" mb="0" cb="2"/><line nr="814" mi="0" ci="6" mb="1" cb="1"/><line nr="816" mi="0" ci="2" mb="0" cb="0"/><line nr="817" mi="0" ci="2" mb="0" cb="2"/><line nr="818" mi="0" ci="12" mb="0" cb="0"/><line nr="819" mi="0" ci="2" mb="1" cb="1"/><line nr="820" mi="0" ci="11" mb="0" cb="0"/><line nr="821" mi="0" ci="2" mb="0" cb="2"/><line nr="822" mi="0" ci="10" mb="0" cb="0"/><line nr="823" mi="0" ci="2" mb="1" cb="1"/><line nr="824" mi="9" ci="0" mb="0" cb="0"/><line nr="831" mi="0" ci="27" mb="0" cb="0"/><line nr="832" mi="0" ci="6" mb="0" cb="0"/><line nr="833" mi="0" ci="4" mb="0" cb="0"/><line nr="834" mi="0" ci="13" mb="0" cb="2"/><line nr="835" mi="0" ci="6" mb="0" cb="0"/><line nr="836" mi="0" ci="8" mb="0" cb="0"/><line nr="837" mi="0" ci="5" mb="0" cb="2"/><line nr="838" mi="5" ci="1" mb="0" cb="0"/><line nr="840" mi="0" ci="1" mb="0" cb="0"/><line nr="853" mi="16" ci="0" mb="2" cb="0"/><line nr="854" mi="5" ci="0" mb="2" cb="0"/><line nr="855" mi="3" ci="0" mb="0" cb="0"/><line nr="856" mi="1" ci="0" mb="0" cb="0"/><line nr="859" mi="1" ci="0" mb="0" cb="0"/><line nr="860" mi="7" ci="0" mb="0" cb="0"/><line nr="861" mi="1" ci="0" mb="0" cb="0"/><line nr="862" mi="7" ci="0" mb="0" cb="0"/><line nr="863" mi="1" ci="0" mb="0" cb="0"/><line nr="864" mi="7" ci="0" mb="0" cb="0"/><line nr="865" mi="1" ci="0" mb="0" cb="0"/><line nr="866" mi="7" ci="0" mb="0" cb="0"/><line nr="867" mi="4" ci="0" mb="0" cb="0"/><line nr="881" mi="4" ci="0" mb="0" cb="0"/><line nr="882" mi="2" ci="0" mb="0" cb="0"/><line nr="885" mi="1" ci="0" mb="0" cb="0"/><counter type="INSTRUCTION" missed="678" covered="2122"/><counter type="BRANCH" missed="83" covered="163"/><counter type="LINE" missed="110" covered="345"/><counter type="COMPLEXITY" missed="67" covered="82"/><counter type="METHOD" missed="4" covered="22"/><counter type="CLASS" missed="0" covered="7"/></sourcefile><sourcefile name="employee.java"><line nr="29" mi="0" ci="6" mb="0" cb="0"/><line nr="31" mi="0" ci="1" mb="0" cb="0"/><line nr="36" mi="0" ci="10" mb="1" cb="3"/><line nr="37" mi="0" ci="6" mb="0" cb="2"/><line nr="38" mi="0" ci="36" mb="8" cb="10"/><line nr="40" mi="0" ci="2" mb="0" cb="0"/><line nr="41" mi="0" ci="4" mb="0" cb="2"/><line nr="42" mi="0" ci="4" mb="0" cb="2"/><line nr="44" mi="0" ci="4" mb="0" cb="0"/><line nr="45" mi="0" ci="4" mb="0" cb="0"/><line nr="46" mi="0" ci="4" mb="0" cb="0"/><line nr="47" mi="0" ci="4" mb="0" cb="0"/><line nr="48" mi="0" ci="4" mb="0" cb="0"/><line nr="49" mi="0" ci="4" mb="0" cb="0"/><line nr="50" mi="0" ci="4" mb="0" cb="0"/><line nr="51" mi="0" ci="2" mb="0" cb="0"/><line nr="53" mi="0" ci="3" mb="0" cb="0"/><line nr="54" mi="6" ci="1" mb="0" cb="0"/><line nr="55" mi="0" ci="2" mb="0" cb="0"/><line nr="61" mi="0" ci="9" mb="0" cb="0"/><line nr="62" mi="0" ci="4" mb="0" cb="2"/><line nr="64" mi="0" ci="4" mb="0" cb="0"/><line nr="65" mi="0" ci="4" mb="0" cb="2"/><line nr="66" mi="0" ci="7" mb="0" cb="0"/><line nr="69" mi="0" ci="2" mb="0" cb="0"/><line nr="73" mi="0" ci="2" mb="0" cb="0"/><line nr="75" mi="0" ci="4" mb="0" cb="0"/><line nr="76" mi="0" ci="7" mb="0" cb="0"/><line nr="77" mi="0" ci="2" mb="0" cb="0"/><counter type="INSTRUCTION" missed="6" covered="150"/><counter type="BRANCH" missed="9" covered="23"/><counter type="LINE" missed="0" covered="29"/><counter type="COMPLEXITY" missed="9" covered="11"/><counter type="METHOD" missed="0" covered="4"/><counter type="CLASS" missed="0" covered="1"/></sourcefile><sourcefile name="customer.java"><line nr="27" mi="0" ci="6" mb="0" cb="0"/><line nr="28" mi="0" ci="1" mb="0" cb="0"/><line nr="37" mi="0" ci="10" mb="0" cb="0"/><line nr="39" mi="0" ci="4" mb="0" cb="0"/><line nr="40" mi="0" ci="14" mb="0" cb="0"/><line nr="41" mi="0" ci="2" mb="0" cb="0"/><line nr="55" mi="0" ci="10" mb="0" cb="0"/><line nr="56" mi="0" ci="4" mb="0" cb="0"/><line nr="57" mi="0" ci="3" mb="0" cb="2"/><line nr="58" mi="0" ci="2" mb="0" cb="0"/><line nr="61" mi="0" ci="4" mb="0" cb="0"/><line nr="63" mi="0" ci="2" mb="0" cb="0"/><line nr="65" mi="0" ci="4" mb="0" cb="0"/><line nr="66" mi="0" ci="5" mb="0" cb="0"/><line nr="67" mi="0" ci="3" mb="1" cb="1"/><line nr="68" mi="0" ci="3" mb="0" cb="0"/><line nr="69" mi="0" ci="7" mb="0" cb="2"/><line nr="72" mi="0" ci="11" mb="0" cb="0"/><line nr="73" mi="0" ci="4" mb="0" cb="0"/><line nr="76" mi="0" ci="10" mb="0" cb="0"/><line nr="77" mi="0" ci="4" mb="0" cb="0"/><line nr="80" mi="6" ci="1" mb="0" cb="0"/><line nr="82" mi="0" ci="2" mb="0" cb="0"/><line nr="102" mi="0" ci="20" mb="1" cb="1"/><line nr="104" mi="2" ci="0" mb="0" cb="0"/><line nr="105" mi="2" ci="0" mb="0" cb="0"/><line nr="106" mi="8" ci="0" mb="2" cb="0"/><line nr="107" mi="9" ci="0" mb="2" cb="0"/><line nr="108" mi="12" ci="0" mb="2" cb="0"/><line nr="109" mi="2" ci="0" mb="0" cb="0"/><line nr="112" mi="0" ci="4" mb="0" cb="0"/><line nr="113" mi="0" ci="3" mb="0" cb="2"/><line nr="115" mi="0" ci="2" mb="0" cb="0"/><line nr="119" mi="0" ci="4" mb="0" cb="0"/><line nr="120" mi="0" ci="4" mb="0" cb="0"/><line nr="121" mi="0" ci="4" mb="0" cb="0"/><line nr="122" mi="0" ci="4" mb="0" cb="0"/><line nr="123" mi="0" ci="4" mb="0" cb="0"/><line nr="124" mi="0" ci="4" mb="0" cb="0"/><line nr="126" mi="0" ci="4" mb="0" cb="2"/><line nr="127" mi="0" ci="9" mb="0" cb="0"/><line nr="128" mi="0" ci="4" mb="0" cb="0"/><line nr="129" mi="0" ci="4" mb="0" cb="0"/><line nr="130" mi="0" ci="5" mb="0" cb="0"/><line nr="131" mi="0" ci="4" mb="0" cb="0"/><line nr="132" mi="0" ci="4" mb="0" cb="0"/><line nr="133" mi="0" ci="4" mb="0" cb="0"/><line nr="134" mi="0" ci="4" mb="0" cb="0"/><line nr="135" mi="0" ci="4" mb="0" cb="0"/><line nr="136" mi="0" ci="2" mb="0" cb="0"/><line nr="138" mi="0" ci="3" mb="0" cb="0"/><line nr="139" mi="0" ci="1" mb="0" cb="0"/><line nr="141" mi="0" ci="2" mb="0" cb="0"/><line nr="146" mi="0" ci="1" mb="0" cb="0"/><line nr="147" mi="0" ci="3" mb="0" cb="0"/><line nr="148" mi="0" ci="2" mb="0" cb="0"/><line nr="149" mi="0" ci="1" mb="0" cb="0"/><line nr="152" mi="0" ci="2" mb="0" cb="0"/><counter type="INSTRUCTION" missed="41" covered="232"/><counter type="BRANCH" missed="8" covered="10"/><counter type="LINE" missed="6" covered="52"/><counter type="COMPLEXITY" missed="5" covered="8"/><counter type="METHOD" missed="0" covered="4"/><counter type="CLASS" missed="0" covered="1"/></sourcefile><sourcefile name="admin.java"><line nr="24" mi="0" ci="6" mb="0" cb="0"/><line nr="25" mi="0" ci="1" mb="0" cb="0"/><line nr="31" mi="0" ci="8" mb="1" cb="3"/><line nr="32" mi="0" ci="8" mb="1" cb="3"/><line nr="33" mi="0" ci="8" mb="1" cb="3"/><line nr="36" mi="0" ci="4" mb="0" cb="0"/><line nr="37" mi="0" ci="4" mb="0" cb="0"/><line nr="38" mi="0" ci="4" mb="0" cb="0"/><line nr="39" mi="0" ci="4" mb="0" cb="0"/><line nr="40" mi="0" ci="2" mb="0" cb="0"/><line nr="41" mi="0" ci="3" mb="0" cb="0"/><line nr="43" mi="0" ci="7" mb="0" cb="0"/><line nr="45" mi="0" ci="2" mb="0" cb="0"/><line nr="51" mi="0" ci="4" mb="0" cb="2"/><line nr="53" mi="0" ci="9" mb="0" cb="0"/><line nr="54" mi="0" ci="4" mb="0" cb="0"/><line nr="55" mi="0" ci="4" mb="0" cb="2"/><line nr="56" mi="0" ci="7" mb="0" cb="0"/><line nr="57" mi="0" ci="2" mb="0" cb="0"/><line nr="61" mi="0" ci="2" mb="0" cb="0"/><line nr="63" mi="0" ci="4" mb="0" cb="0"/><line nr="64" mi="0" ci="7" mb="0" cb="0"/><line nr="65" mi="0" ci="2" mb="0" cb="0"/><counter type="INSTRUCTION" missed="0" covered="106"/><counter type="BRANCH" missed="3" covered="13"/><counter type="LINE" missed="0" covered="23"/><counter type="COMPLEXITY" missed="3" covered="9"/><counter type="METHOD" missed="0" covered="4"/><counter type="CLASS" missed="0" covered="1"/></sourcefile><sourcefile name="User.java"><line nr="19" mi="0" ci="2" mb="0" cb="0"/><line nr="20" mi="0" ci="3" mb="0" cb="0"/><line nr="21" mi="0" ci="3" mb="0" cb="0"/><line nr="22" mi="0" ci="3" mb="0" cb="0"/><line nr="23" mi="0" ci="3" mb="0" cb="0"/><line nr="24" mi="0" ci="1" mb="0" cb="0"/><counter type="INSTRUCTION" missed="0" covered="15"/><counter type="LINE" missed="0" covered="6"/><counter type="COMPLEXITY" missed="0" covered="1"/><counter type="METHOD" missed="0" covered="1"/><counter type="CLASS" missed="0" covered="1"/></sourcefile><counter type="INSTRUCTION" missed="725" covered="2625"/><counter type="BRANCH" missed="103" covered="209"/><counter type="LINE" missed="116" covered="455"/><counter type="COMPLEXITY" missed="84" covered="111"/><counter type="METHOD" missed="4" covered="35"/><counter type="CLASS" missed="0" covered="11"/></package><counter type="INSTRUCTION" missed="725" covered="2625"/><counter type="BRANCH" missed="103" covered="209"/><counter type="LINE" missed="116" covered="455"/><counter type="COMPLEXITY" missed="84" covered="111"/><counter type="METHOD" missed="4" covered="35"/><counter type="CLASS" missed="0" covered="11"/></report>