<?xml version="1.0" encoding="UTF-8" ?>
<testsuite errors="0" failures="0" hostname="user-PC" name="rent.GUITest" skipped="0" tests="2" time="10.385" timestamp="2014-01-24T16:20:20">
  <properties>
[...]
</properties>
  <testcase classname="rent.GUITest" name="test_Menu" time="1.31" />
  <testcase classname="rent.GUITest" name="test_loginActionPerformed" time="9.018" />
  <system-out><![CDATA[tokens[0]: Products
tokens[1]: Cars
tokens[2]: BMW
alkis alk123
employee emp
admin admin
something what?
tokens[0]: Products
tokens[1]: Cars
tokens[2]: BMW
alkis alk123
employee emp
admin admin
alkis alk123
employee emp
admin admin
alkis alk123
employee emp
admin admin
]]></system-out>
  <system-err><![CDATA[]]></system-err>
</testsuite>
